<?xml version="1.0" encoding="UTF-8"?>
<testsuite name="TestSuite" time="87.022" tests="2" errors="0" skipped="0" failures="2">
  <properties>
[...]
</properties>
  <testcase name="flightBooking" classname="co.in.kayak.test.FlightBooking" time="87.022">
    <failure message="Timed out after 30 seconds waiting for title to contain &quot;19/2&quot;. Current title: &quot;&quot;&#10;Build info: version: &apos;2.53.1&apos;, revision: &apos;a36b8b1cd5757287168e54b817830adce9b0158d&apos;, time: &apos;2016-06-30 19:26:09&apos;&#10;System info: host: &apos;Jarvis-PC&apos;, ip: &apos;192.168.1.6&apos;, os.name: &apos;Windows 7&apos;, os.arch: &apos;x86&apos;, os.version: &apos;6.1&apos;, java.version: &apos;1.8.0_141&apos;&#10;Driver info: org.openqa.selenium.firefox.FirefoxDriver&#10;Capabilities [{applicationCacheEnabled=true, rotatable=false, handlesAlerts=true, databaseEnabled=true, version=46.0.1, platform=WINDOWS, nativeEvents=false, acceptSslCerts=true, webStorageEnabled=true, locationContextEnabled=true, browserName=firefox, takesScreenshot=true, javascriptEnabled=true, cssSelectorsEnabled=true}]&#10;Session ID: 10bcd23d-bbca-4304-9ed8-b101b6bfe9e7" type="org.openqa.selenium.TimeoutException">org.openqa.selenium.TimeoutException: Timed out after 30 seconds waiting for title to contain "19/2". Current title: ""
Build info: version: '2.53.1', revision: 'a36b8b1cd5757287168e54b817830adce9b0158d', time: '2016-06-30 19:26:09'
System info: host: 'Jarvis-PC', ip: '192.168.1.6', os.name: 'Windows 7', os.arch: 'x86', os.version: '6.1', java.version: '1.8.0_141'
Driver info: org.openqa.selenium.firefox.FirefoxDriver
Capabilities [{applicationCacheEnabled=true, rotatable=false, handlesAlerts=true, databaseEnabled=true, version=46.0.1, platform=WINDOWS, nativeEvents=false, acceptSslCerts=true, webStorageEnabled=true, locationContextEnabled=true, browserName=firefox, takesScreenshot=true, javascriptEnabled=true, cssSelectorsEnabled=true}]
Session ID: 10bcd23d-bbca-4304-9ed8-b101b6bfe9e7
	at org.openqa.selenium.support.ui.WebDriverWait.timeoutException(WebDriverWait.java:80)
	at org.openqa.selenium.support.ui.FluentWait.until(FluentWait.java:261)
	at co.in.kayak.base.PageObject.waitForPageTitle(PageObject.java:124)
	at co.in.kayak.page.IternaryDetails.closeOfferAlertWindow(IternaryDetails.java:33)
	at co.in.kayak.test.FlightBooking.flightBooking(FlightBooking.java:45)
</failure>
    <system-out><![CDATA[Inside beforeSuite method.
Execution has been started for :::FlightBooking_Chrome::: test case.
Execution has been started for :::FlightBooking_Firefox::: test case.
Inside beforeMethod method.
Inside beforeMethod method.
Launching Firefox browser.
Launching Chrome browser.
Chrome browser launched.
Launching application under test.
Firefox browser launched successfully.
Launching application under test.
Launched application under test.
Clcking on Flights options.
Flights option clicked successfully.
Clicking on One Way link.
Clicked on One Way link.
Number of matching options: 7
Expected value:Delhi is present in the dropdown list.
Number of matching options: 7
Expected value:Chennai is present in the dropdown list.
Number of days:67
Month in focus:February 2018
Number of days:67
Clicking on Search button.
Search button clicked.
Launched application under test.
Clcking on Flights options.
Flights option clicked successfully.
Clicking on One Way link.
Clicked on One Way link.
Number of matching options: 7
Expected value:Delhi is present in the dropdown list.
Number of matching options: 8
Expected value:Chennai is present in the dropdown list.
Number of days:67
Month in focus:February 2018
Number of days:67
Clicking on Search button.
Search button clicked.
ExecutionStatus::FAIL::flightBooking
]]></system-out>
    <system-err><![CDATA[Starting ChromeDriver 2.33.506120 (e3e53437346286c0bc2d2dc9aa4915ba81d9023f) on port 7994
Only local connections are allowed.
]]></system-err>
  </testcase>
  <testcase name="flightBooking" classname="co.in.kayak.test.FlightBooking" time="109.006">
    <failure message="Timed out after 30 seconds waiting for title to contain &quot;19/2&quot;. Current title: &quot;Waiting...&quot;&#10;Build info: version: &apos;2.53.1&apos;, revision: &apos;a36b8b1cd5757287168e54b817830adce9b0158d&apos;, time: &apos;2016-06-30 19:26:09&apos;&#10;System info: host: &apos;Jarvis-PC&apos;, ip: &apos;192.168.1.6&apos;, os.name: &apos;Windows 7&apos;, os.arch: &apos;x86&apos;, os.version: &apos;6.1&apos;, java.version: &apos;1.8.0_141&apos;&#10;Driver info: org.openqa.selenium.chrome.ChromeDriver&#10;Capabilities [{applicationCacheEnabled=false, rotatable=false, mobileEmulationEnabled=false, networkConnectionEnabled=false, chrome={chromedriverVersion=2.33.506120 (e3e53437346286c0bc2d2dc9aa4915ba81d9023f), userDataDir=C:\Users\Jarvis\AppData\Local\Temp\scoped_dir5340_22032}, takesHeapSnapshot=true, pageLoadStrategy=normal, databaseEnabled=false, handlesAlerts=true, hasTouchScreen=false, version=64.0.3282.167, platform=XP, browserConnectionEnabled=false, nativeEvents=true, acceptSslCerts=true, locationContextEnabled=true, webStorageEnabled=true, browserName=chrome, takesScreenshot=true, javascriptEnabled=true, cssSelectorsEnabled=true, setWindowRect=true, unexpectedAlertBehaviour=}]&#10;Session ID: 5f7047ed251447b0e8924fdad3fc9295" type="org.openqa.selenium.TimeoutException">org.openqa.selenium.TimeoutException: Timed out after 30 seconds waiting for title to contain "19/2". Current title: "Waiting..."
Build info: version: '2.53.1', revision: 'a36b8b1cd5757287168e54b817830adce9b0158d', time: '2016-06-30 19:26:09'
System info: host: 'Jarvis-PC', ip: '192.168.1.6', os.name: 'Windows 7', os.arch: 'x86', os.version: '6.1', java.version: '1.8.0_141'
Driver info: org.openqa.selenium.chrome.ChromeDriver
Capabilities [{applicationCacheEnabled=false, rotatable=false, mobileEmulationEnabled=false, networkConnectionEnabled=false, chrome={chromedriverVersion=2.33.506120 (e3e53437346286c0bc2d2dc9aa4915ba81d9023f), userDataDir=C:\Users\Jarvis\AppData\Local\Temp\scoped_dir5340_22032}, takesHeapSnapshot=true, pageLoadStrategy=normal, databaseEnabled=false, handlesAlerts=true, hasTouchScreen=false, version=64.0.3282.167, platform=XP, browserConnectionEnabled=false, nativeEvents=true, acceptSslCerts=true, locationContextEnabled=true, webStorageEnabled=true, browserName=chrome, takesScreenshot=true, javascriptEnabled=true, cssSelectorsEnabled=true, setWindowRect=true, unexpectedAlertBehaviour=}]
Session ID: 5f7047ed251447b0e8924fdad3fc9295
	at org.openqa.selenium.support.ui.WebDriverWait.timeoutException(WebDriverWait.java:80)
	at org.openqa.selenium.support.ui.FluentWait.until(FluentWait.java:261)
	at co.in.kayak.base.PageObject.waitForPageTitle(PageObject.java:124)
	at co.in.kayak.page.IternaryDetails.closeOfferAlertWindow(IternaryDetails.java:33)
	at co.in.kayak.test.FlightBooking.flightBooking(FlightBooking.java:45)
</failure>
    <system-out><![CDATA[Inside After Method method.
Execution has been completed for :::FlightBooking_Firefox::: test case.
ExecutionStatus::FAIL::flightBooking
]]></system-out>
  </testcase>
</testsuite>