<?xml version="1.0" encoding="UTF-8"?>
<!-- Generated by org.testng.reporters.JUnitXMLReporter -->
<testsuite hostname="Jarvis-PC" ignored="0" name="FlightBooking_Firefox" tests="1" failures="1" timestamp="19 Feb 2018 15:29:40 GMT" time="102.184" errors="0">
  <testcase name="flightBooking" time="86.614" classname="co.in.kayak.test.FlightBooking">
    <failure type="org.openqa.selenium.TimeoutException" message="Timed out after 30 seconds waiting for title to contain &amp;quot;19/2&amp;quot;. Current title: &amp;quot;&amp;quot;
Build info: version: &amp;apos;2.53.1&amp;apos;, revision: &amp;apos;a36b8b1cd5757287168e54b817830adce9b0158d&amp;apos;, time: &amp;apos;2016-06-30 19:26:09&amp;apos;
System info: host: &amp;apos;Jarvis-PC&amp;apos;, ip: &amp;apos;192.168.1.6&amp;apos;, os.name: &amp;apos;Windows 7&amp;apos;, os.arch: &amp;apos;x86&amp;apos;, os.version: &amp;apos;6.1&amp;apos;, java.version: &amp;apos;1.8.0_141&amp;apos;
Driver info: org.openqa.selenium.firefox.FirefoxDriver
Capabilities [{applicationCacheEnabled=true, rotatable=false, handlesAlerts=true, databaseEnabled=true, version=46.0.1, platform=WINDOWS, nativeEvents=false, acceptSslCerts=true, webStorageEnabled=true, locationContextEnabled=true, browserName=firefox, takesScreenshot=true, javascriptEnabled=true, cssSelectorsEnabled=true}]
Session ID: 10bcd23d-bbca-4304-9ed8-b101b6bfe9e7">
      <![CDATA[org.openqa.selenium.TimeoutException: Timed out after 30 seconds waiting for title to contain "19/2". Current title: ""
Build info: version: '2.53.1', revision: 'a36b8b1cd5757287168e54b817830adce9b0158d', time: '2016-06-30 19:26:09'
System info: host: 'Jarvis-PC', ip: '192.168.1.6', os.name: 'Windows 7', os.arch: 'x86', os.version: '6.1', java.version: '1.8.0_141'
Driver info: org.openqa.selenium.firefox.FirefoxDriver
Capabilities [{applicationCacheEnabled=true, rotatable=false, handlesAlerts=true, databaseEnabled=true, version=46.0.1, platform=WINDOWS, nativeEvents=false, acceptSslCerts=true, webStorageEnabled=true, locationContextEnabled=true, browserName=firefox, takesScreenshot=true, javascriptEnabled=true, cssSelectorsEnabled=true}]
Session ID: 10bcd23d-bbca-4304-9ed8-b101b6bfe9e7
at org.openqa.selenium.support.ui.WebDriverWait.timeoutException(WebDriverWait.java:80)
at org.openqa.selenium.support.ui.FluentWait.until(FluentWait.java:261)
at co.in.kayak.base.PageObject.waitForPageTitle(PageObject.java:124)
at co.in.kayak.page.IternaryDetails.closeOfferAlertWindow(IternaryDetails.java:33)
at co.in.kayak.test.FlightBooking.flightBooking(FlightBooking.java:45)
at java.util.concurrent.FutureTask.run(FutureTask.java:266)
at java.util.concurrent.ThreadPoolExecutor.runWorker(ThreadPoolExecutor.java:1149)
at java.util.concurrent.ThreadPoolExecutor$Worker.run(ThreadPoolExecutor.java:624)
at java.lang.Thread.run(Thread.java:748)
... Removed 16 stack frames]]>
    </failure>
  </testcase> <!-- flightBooking -->
</testsuite> <!-- FlightBooking_Firefox -->
