<?xml version="1.0" encoding="UTF-8"?>
<!-- Generated by org.testng.reporters.JUnitXMLReporter -->
<testsuite hostname="Jarvis-PC" ignored="0" name="FlightBooking_Firefox" tests="1" failures="0" timestamp="15 Feb 2018 15:01:34 GMT" time="0.249" errors="0">
  <testcase name="@BeforeMethod beforeMethod" time="0.192" classname="co.in.kayak.base.PageTest">
    <failure type="java.lang.IllegalStateException" message="The driver executable does not exist: E:\SeleniumWorkspace\FlightReservation\.\browserDriver\geckodriver.exe">
      <![CDATA[java.lang.IllegalStateException: The driver executable does not exist: E:\SeleniumWorkspace\FlightReservation\.\browserDriver\geckodriver.exe
at com.google.common.base.Preconditions.checkState(Preconditions.java:585)
at org.openqa.selenium.remote.service.DriverService.checkExecutable(DriverService.java:136)
at org.openqa.selenium.remote.service.DriverService.findExecutable(DriverService.java:131)
at org.openqa.selenium.firefox.GeckoDriverService.access$100(GeckoDriverService.java:41)
at org.openqa.selenium.firefox.GeckoDriverService$Builder.findDefaultExecutable(GeckoDriverService.java:141)
at org.openqa.selenium.remote.service.DriverService$Builder.build(DriverService.java:339)
at org.openqa.selenium.firefox.FirefoxDriver.toExecutor(FirefoxDriver.java:158)
at org.openqa.selenium.firefox.FirefoxDriver.<init>(FirefoxDriver.java:120)
at org.openqa.selenium.firefox.FirefoxDriver.<init>(FirefoxDriver.java:98)
at co.in.kayak.base.PageTest.initFirefox(PageTest.java:87)
at co.in.kayak.base.PageTest.beforeMethod(PageTest.java:36)
at java.util.concurrent.FutureTask.run(Unknown Source)
at java.util.concurrent.ThreadPoolExecutor.runWorker(Unknown Source)
at java.util.concurrent.ThreadPoolExecutor$Worker.run(Unknown Source)
at java.lang.Thread.run(Unknown Source)
... Removed 19 stack frames]]>
    </failure>
  </testcase> <!-- @BeforeMethod beforeMethod -->
  <testcase name="@BeforeMethod beforeMethod" time="0.0" classname="co.in.kayak.test.FlightBooking">
    <skipped/>
  </testcase> <!-- @BeforeMethod beforeMethod -->
  <testcase name="@AfterMethod afterMethod" time="0.0" classname="co.in.kayak.base.PageTest">
    <skipped/>
  </testcase> <!-- @AfterMethod afterMethod -->
  <testcase name="flightBooking" time="0.0" classname="co.in.kayak.test.FlightBooking">
    <skipped/>
  </testcase> <!-- flightBooking -->
</testsuite> <!-- FlightBooking_Firefox -->
